2022-05-07 13:51:46,503 [Worker-3: Loading available Gradle versions] INFO  o.e.b.c.i.u.g.PublishedGradleVersions - Gradle version information cache is up-to-date. Trying to read.
2022-05-07 13:54:39,510 [Worker-8: Creating project "Zfreebank"] INFO  o.e.m.c.i.l.LifecycleMappingFactory - Using org.maven.ide.eclipse.wtp.WarLifecycleMapping lifecycle mapping for MavenProject: br.com.zfreebank:Zfreebank:1.0 @ /home/zaa/PROJETOS-BASE/Zfreebank/Zfreebank/pom.xml.
2022-05-07 13:54:42,324 [Worker-8: Creating project "Zfreebank"] INFO  o.e.m.j.i.AbstractJavaProjectConfigurator - Adding source folder /Zfreebank/src/main/java
2022-05-07 13:54:42,337 [Worker-8: Creating project "Zfreebank"] INFO  o.e.m.j.i.AbstractJavaProjectConfigurator - Adding resource folder /Zfreebank/src/main/resources
2022-05-07 13:54:42,345 [Worker-8: Creating project "Zfreebank"] INFO  o.e.m.j.i.AbstractJavaProjectConfigurator - Adding source folder /Zfreebank/src/test/java
2022-05-07 13:54:42,346 [Worker-8: Creating project "Zfreebank"] INFO  o.e.m.j.i.AbstractJavaProjectConfigurator - Adding resource folder /Zfreebank/src/test/resources
2022-05-07 13:54:50,229 [Worker-16: Building] WARN  o.e.m.c.i.embedder.EclipseLogger - Using platform encoding (UTF-8 actually) to copy filtered resources, i.e. build is platform dependent!
2022-05-07 13:54:50,237 [Worker-16: Building] INFO  o.e.m.c.i.embedder.EclipseLogger - Copying 0 resource
2022-05-07 13:54:50,243 [Worker-16: Building] WARN  o.e.m.c.i.embedder.EclipseLogger - Using platform encoding (UTF-8 actually) to copy filtered resources, i.e. build is platform dependent!
2022-05-07 13:54:50,245 [Worker-16: Building] INFO  o.e.m.c.i.embedder.EclipseLogger - Copying 0 resource
2022-05-07 14:02:22,454 [Worker-17: Building] INFO  o.e.m.c.i.l.LifecycleMappingFactory - Using org.maven.ide.eclipse.wtp.WarLifecycleMapping lifecycle mapping for MavenProject: br.com.zfreebank:Zfreebank:1.0 @ /home/zaa/PROJETOS-BASE/Zfreebank/Zfreebank/pom.xml.
2022-05-07 14:02:24,047 [Worker-17: Building] INFO  o.e.m.c.i.embedder.EclipseLogger - Using 'UTF-8' encoding to copy filtered resources.
2022-05-07 14:02:24,050 [Worker-17: Building] INFO  o.e.m.c.i.embedder.EclipseLogger - Copying 0 resource
2022-05-07 14:02:24,054 [Worker-17: Building] INFO  o.e.m.c.i.embedder.EclipseLogger - Using 'UTF-8' encoding to copy filtered resources.
2022-05-07 14:02:24,055 [Worker-17: Building] INFO  o.e.m.c.i.embedder.EclipseLogger - Copying 0 resource
2022-05-07 14:02:24,056 [Worker-17: Building] INFO  o.e.m.w.i.f.ResourceFilteringBuildParticipant - Changed resources require a complete clean of filtered resources of Zfreebank
2022-05-07 14:02:24,112 [Worker-17: Building] INFO  o.e.m.w.i.f.ResourceFilteringBuildParticipant - Executing resource filtering for Zfreebank
2022-05-07 14:02:24,122 [Worker-17: Building] INFO  o.e.m.c.i.embedder.EclipseLogger - Using 'UTF-8' encoding to copy filtered resources.
2022-05-07 14:04:37,737 [Worker-20: Updating Maven Project] INFO  o.e.m.c.i.p.ProjectConfigurationManager - Update started
2022-05-07 14:04:42,328 [Worker-20: Updating Maven Project] INFO  o.e.m.c.i.l.LifecycleMappingFactory - Using org.maven.ide.eclipse.wtp.WarLifecycleMapping lifecycle mapping for MavenProject: br.com.zfreebank:Zfreebank:1.0 @ /home/zaa/PROJETOS-BASE/Zfreebank/Zfreebank/pom.xml.
2022-05-07 14:04:44,517 [Worker-20: Updating Maven Project] INFO  o.e.m.j.i.AbstractJavaProjectConfigurator - Adding source folder /Zfreebank/src/main/java
2022-05-07 14:04:44,518 [Worker-20: Updating Maven Project] INFO  o.e.m.j.i.AbstractJavaProjectConfigurator - Adding resource folder /Zfreebank/src/main/resources
2022-05-07 14:04:44,523 [Worker-20: Updating Maven Project] INFO  o.e.m.j.i.AbstractJavaProjectConfigurator - Adding source folder /Zfreebank/src/test/java
2022-05-07 14:04:44,523 [Worker-20: Updating Maven Project] INFO  o.e.m.j.i.AbstractJavaProjectConfigurator - Adding resource folder /Zfreebank/src/test/resources
2022-05-07 14:04:46,089 [Worker-20: Updating Maven Project] INFO  o.e.m.w.i.f.ResourceFilteringBuildParticipant - Cleaning filtered folder for Zfreebank
2022-05-07 14:04:46,094 [Worker-20: Updating Maven Project] INFO  o.e.m.c.i.p.ProjectConfigurationManager - Update completed: 8 sec
2022-05-07 14:04:46,557 [Worker-13: Building Project Zfreebank] INFO  o.e.m.c.i.embedder.EclipseLogger - Using 'UTF-8' encoding to copy filtered resources.
2022-05-07 14:04:46,558 [Worker-13: Building Project Zfreebank] INFO  o.e.m.c.i.embedder.EclipseLogger - Copying 0 resource
2022-05-07 14:04:46,561 [Worker-13: Building Project Zfreebank] INFO  o.e.m.c.i.embedder.EclipseLogger - Using 'UTF-8' encoding to copy filtered resources.
2022-05-07 14:04:46,562 [Worker-13: Building Project Zfreebank] INFO  o.e.m.c.i.embedder.EclipseLogger - Copying 0 resource
2022-05-07 14:04:46,563 [Worker-13: Building Project Zfreebank] INFO  o.e.m.w.i.f.ResourceFilteringBuildParticipant - Changed resources require a complete clean of filtered resources of Zfreebank
2022-05-07 14:04:46,563 [Worker-13: Building Project Zfreebank] INFO  o.e.m.w.i.f.ResourceFilteringBuildParticipant - Executing resource filtering for Zfreebank
2022-05-07 14:04:46,570 [Worker-13: Building Project Zfreebank] INFO  o.e.m.c.i.embedder.EclipseLogger - Using 'UTF-8' encoding to copy filtered resources.
2022-05-07 14:06:02,926 [Worker-21: Building] INFO  o.e.m.c.i.embedder.EclipseLogger - Using 'UTF-8' encoding to copy filtered resources.
2022-05-07 14:06:02,952 [Worker-21: Building] INFO  o.e.m.c.i.embedder.EclipseLogger - Copying 0 resource
2022-05-07 14:06:02,955 [Worker-21: Building] INFO  o.e.m.c.i.embedder.EclipseLogger - Using 'UTF-8' encoding to copy filtered resources.
2022-05-07 14:06:02,956 [Worker-21: Building] INFO  o.e.m.c.i.embedder.EclipseLogger - Copying 0 resource
2022-05-07 14:07:44,421 [Worker-21: Building] INFO  o.e.m.c.i.embedder.EclipseLogger - Using 'UTF-8' encoding to copy filtered resources.
2022-05-07 14:07:44,422 [Worker-21: Building] INFO  o.e.m.c.i.embedder.EclipseLogger - Copying 0 resource
2022-05-07 14:07:44,425 [Worker-21: Building] INFO  o.e.m.c.i.embedder.EclipseLogger - Using 'UTF-8' encoding to copy filtered resources.
2022-05-07 14:07:44,425 [Worker-21: Building] INFO  o.e.m.c.i.embedder.EclipseLogger - Copying 0 resource
2022-05-07 14:13:03,062 [Worker-17: Building] INFO  o.e.m.c.i.embedder.EclipseLogger - Using 'UTF-8' encoding to copy filtered resources.
2022-05-07 14:13:03,063 [Worker-17: Building] INFO  o.e.m.c.i.embedder.EclipseLogger - Copying 0 resource
2022-05-07 14:13:03,065 [Worker-17: Building] INFO  o.e.m.c.i.embedder.EclipseLogger - Using 'UTF-8' encoding to copy filtered resources.
2022-05-07 14:13:03,066 [Worker-17: Building] INFO  o.e.m.c.i.embedder.EclipseLogger - Copying 0 resource
2022-05-07 14:13:39,862 [Worker-24: Building] INFO  o.e.m.c.i.embedder.EclipseLogger - Using 'UTF-8' encoding to copy filtered resources.
2022-05-07 14:13:39,863 [Worker-24: Building] INFO  o.e.m.c.i.embedder.EclipseLogger - Copying 0 resource
2022-05-07 14:13:39,866 [Worker-24: Building] INFO  o.e.m.c.i.embedder.EclipseLogger - Using 'UTF-8' encoding to copy filtered resources.
2022-05-07 14:13:39,866 [Worker-24: Building] INFO  o.e.m.c.i.embedder.EclipseLogger - Copying 0 resource
2022-05-07 14:15:21,943 [Worker-24: Building] INFO  o.e.m.c.i.l.LifecycleMappingFactory - Using org.maven.ide.eclipse.wtp.WarLifecycleMapping lifecycle mapping for MavenProject: com.zfreebank:Zfreebank:1.0 @ /home/zaa/PROJETOS-BASE/Zfreebank/Zfreebank/pom.xml.
2022-05-07 14:15:22,449 [Worker-24: Building] INFO  o.e.m.c.i.embedder.EclipseLogger - Using 'UTF-8' encoding to copy filtered resources.
2022-05-07 14:15:22,451 [Worker-24: Building] INFO  o.e.m.c.i.embedder.EclipseLogger - Copying 0 resource
2022-05-07 14:15:22,455 [Worker-24: Building] INFO  o.e.m.c.i.embedder.EclipseLogger - Using 'UTF-8' encoding to copy filtered resources.
2022-05-07 14:15:22,455 [Worker-24: Building] INFO  o.e.m.c.i.embedder.EclipseLogger - Copying 0 resource
2022-05-07 14:15:22,456 [Worker-24: Building] INFO  o.e.m.w.i.f.ResourceFilteringBuildParticipant - Changed resources require a complete clean of filtered resources of Zfreebank
2022-05-07 14:15:22,456 [Worker-24: Building] INFO  o.e.m.w.i.f.ResourceFilteringBuildParticipant - Executing resource filtering for Zfreebank
2022-05-07 14:15:22,463 [Worker-24: Building] INFO  o.e.m.c.i.embedder.EclipseLogger - Using 'UTF-8' encoding to copy filtered resources.
2022-05-07 14:27:37,270 [Worker-26: Updating Maven Project] INFO  o.e.m.c.i.p.ProjectConfigurationManager - Update started
2022-05-07 14:27:41,808 [Worker-26: Updating Maven Project] INFO  o.e.m.c.i.l.LifecycleMappingFactory - Using org.maven.ide.eclipse.wtp.WarLifecycleMapping lifecycle mapping for MavenProject: com.zfreebank:Zfreebank:1.0 @ /home/zaa/PROJETOS-BASE/Zfreebank/Zfreebank/pom.xml.
2022-05-07 14:27:45,069 [Worker-26: Updating Maven Project] INFO  o.e.m.j.i.AbstractJavaProjectConfigurator - Adding source folder /Zfreebank/src/main/java
2022-05-07 14:27:45,069 [Worker-26: Updating Maven Project] INFO  o.e.m.j.i.AbstractJavaProjectConfigurator - Adding resource folder /Zfreebank/src/main/resources
2022-05-07 14:27:45,070 [Worker-26: Updating Maven Project] INFO  o.e.m.j.i.AbstractJavaProjectConfigurator - Adding source folder /Zfreebank/src/test/java
2022-05-07 14:27:45,070 [Worker-26: Updating Maven Project] INFO  o.e.m.j.i.AbstractJavaProjectConfigurator - Adding resource folder /Zfreebank/src/test/resources
2022-05-07 14:27:45,825 [Worker-26: Updating Maven Project] INFO  o.e.m.w.i.f.ResourceFilteringBuildParticipant - Cleaning filtered folder for Zfreebank
2022-05-07 14:27:45,829 [Worker-26: Updating Maven Project] INFO  o.e.m.c.i.p.ProjectConfigurationManager - Update completed: 8 sec
2022-05-07 14:27:46,137 [Worker-17: Building] INFO  o.e.m.c.i.embedder.EclipseLogger - Using 'UTF-8' encoding to copy filtered resources.
2022-05-07 14:27:46,138 [Worker-17: Building] INFO  o.e.m.c.i.embedder.EclipseLogger - Copying 0 resource
2022-05-07 14:27:46,142 [Worker-17: Building] INFO  o.e.m.c.i.embedder.EclipseLogger - Using 'UTF-8' encoding to copy filtered resources.
2022-05-07 14:27:46,143 [Worker-17: Building] INFO  o.e.m.c.i.embedder.EclipseLogger - Copying 0 resource
2022-05-07 14:27:46,143 [Worker-17: Building] INFO  o.e.m.w.i.f.ResourceFilteringBuildParticipant - Changed resources require a complete clean of filtered resources of Zfreebank
2022-05-07 14:27:46,143 [Worker-17: Building] INFO  o.e.m.w.i.f.ResourceFilteringBuildParticipant - Executing resource filtering for Zfreebank
2022-05-07 14:27:46,153 [Worker-17: Building] INFO  o.e.m.c.i.embedder.EclipseLogger - Using 'UTF-8' encoding to copy filtered resources.
2022-05-07 14:28:14,024 [Worker-29: Launching Executing clean in _home_zaa_PROJETOS-BASE_Zfreebank_Zfreebank] INFO  o.e.m.i.launch.MavenLaunchDelegate - /home/zaa/PROJETOS-BASE/Zfreebank/Zfreebank
2022-05-07 14:28:14,080 [Worker-29: Launching Executing clean in _home_zaa_PROJETOS-BASE_Zfreebank_Zfreebank] INFO  o.e.m.i.launch.MavenLaunchDelegate -  mvn -B clean
2022-05-07 14:28:26,935 [Worker-28: Building] INFO  o.e.m.c.i.embedder.EclipseLogger - Using 'UTF-8' encoding to copy filtered resources.
2022-05-07 14:28:26,962 [Worker-28: Building] INFO  o.e.m.c.i.embedder.EclipseLogger - Copying 0 resource
2022-05-07 14:28:26,964 [Worker-28: Building] INFO  o.e.m.c.i.embedder.EclipseLogger - Using 'UTF-8' encoding to copy filtered resources.
2022-05-07 14:28:26,965 [Worker-28: Building] INFO  o.e.m.c.i.embedder.EclipseLogger - Copying 0 resource
2022-05-07 14:28:26,966 [Worker-28: Building] INFO  o.e.m.w.i.f.ResourceFilteringBuildParticipant - Changed resources require a complete clean of filtered resources of Zfreebank
2022-05-07 14:28:26,969 [Worker-28: Building] INFO  o.e.m.w.i.f.ResourceFilteringBuildParticipant - Executing resource filtering for Zfreebank
2022-05-07 14:28:26,976 [Worker-28: Building] INFO  o.e.m.c.i.embedder.EclipseLogger - Using 'UTF-8' encoding to copy filtered resources.
2022-05-07 14:34:13,294 [Worker-27: Building] INFO  o.e.m.c.i.l.LifecycleMappingFactory - Using org.maven.ide.eclipse.wtp.WarLifecycleMapping lifecycle mapping for MavenProject: com.zfreebank:Zfreebank:1.0 @ /home/zaa/PROJETOS-BASE/Zfreebank/Zfreebank/pom.xml.
2022-05-07 14:34:14,552 [Worker-27: Building] INFO  o.e.m.c.i.embedder.EclipseLogger - Using 'UTF-8' encoding to copy filtered resources.
2022-05-07 14:34:14,555 [Worker-27: Building] INFO  o.e.m.c.i.embedder.EclipseLogger - Copying 0 resource
2022-05-07 14:34:14,559 [Worker-27: Building] INFO  o.e.m.c.i.embedder.EclipseLogger - Using 'UTF-8' encoding to copy filtered resources.
2022-05-07 14:34:14,560 [Worker-27: Building] INFO  o.e.m.c.i.embedder.EclipseLogger - Copying 0 resource
2022-05-07 14:34:15,026 [Worker-27: Building] INFO  o.e.m.w.i.f.ResourceFilteringBuildParticipant - Changed resources require a complete clean of filtered resources of Zfreebank
2022-05-07 14:34:15,026 [Worker-27: Building] INFO  o.e.m.w.i.f.ResourceFilteringBuildParticipant - Executing resource filtering for Zfreebank
2022-05-07 14:34:15,035 [Worker-27: Building] INFO  o.e.m.c.i.embedder.EclipseLogger - Using 'UTF-8' encoding to copy filtered resources.
2022-05-07 14:39:07,255 [Worker-32: Building] INFO  o.e.m.c.i.embedder.EclipseLogger - Using 'UTF-8' encoding to copy filtered resources.
2022-05-07 14:39:07,282 [Worker-32: Building] INFO  o.e.m.c.i.embedder.EclipseLogger - Copying 1 resource
2022-05-07 14:39:07,317 [Worker-32: Building] INFO  o.e.m.c.i.embedder.EclipseLogger - Using 'UTF-8' encoding to copy filtered resources.
2022-05-07 14:39:07,318 [Worker-32: Building] INFO  o.e.m.c.i.embedder.EclipseLogger - Copying 0 resource
2022-05-07 14:39:47,600 [Worker-35: Building] INFO  o.e.m.c.i.embedder.EclipseLogger - Using 'UTF-8' encoding to copy filtered resources.
2022-05-07 14:39:47,601 [Worker-35: Building] INFO  o.e.m.c.i.embedder.EclipseLogger - Copying 1 resource
2022-05-07 14:39:47,605 [Worker-35: Building] INFO  o.e.m.c.i.embedder.EclipseLogger - Using 'UTF-8' encoding to copy filtered resources.
2022-05-07 14:39:47,606 [Worker-35: Building] INFO  o.e.m.c.i.embedder.EclipseLogger - Copying 0 resource
2022-05-07 14:53:01,902 [Worker-32: Building] INFO  o.e.m.c.i.embedder.EclipseLogger - Using 'UTF-8' encoding to copy filtered resources.
2022-05-07 14:53:01,924 [Worker-32: Building] INFO  o.e.m.c.i.embedder.EclipseLogger - Copying 1 resource
2022-05-07 14:53:01,931 [Worker-32: Building] INFO  o.e.m.c.i.embedder.EclipseLogger - Using 'UTF-8' encoding to copy filtered resources.
2022-05-07 14:53:01,931 [Worker-32: Building] INFO  o.e.m.c.i.embedder.EclipseLogger - Copying 0 resource
2022-05-07 15:04:01,043 [Worker-7: Loading available Gradle versions] INFO  o.e.b.c.i.u.g.PublishedGradleVersions - Gradle version information cache is up-to-date. Trying to read.
